<?xml version="1.0" encoding="UTF-8"?>
<testsuite xmlns:xsi="http://www.w3.org/2001/XMLSchema-instance" xsi:noNamespaceSchemaLocation="https://maven.apache.org/surefire/maven-surefire-plugin/xsd/surefire-test-report-3.0.xsd" version="3.0" name="UserServiceTest" time="0.619" tests="6" errors="0" skipped="0" failures="0">
  <properties>
[...]
</properties>
  <testcase name="saveUser" classname="UserServiceTest" time="0.301">
    <system-out><![CDATA[drop user table
crate user table
User с именем — Ivan добавлен в базу данных
User{id=1name=IvanlastName=Ivanovage=5}
]]></system-out>
  </testcase>
  <testcase name="removeUserById" classname="UserServiceTest" time="0.064">
    <system-out><![CDATA[drop user table
crate user table
User с именем — Ivan добавлен в базу данных
]]></system-out>
  </testcase>
  <testcase name="getAllUsers" classname="UserServiceTest" time="0.06">
    <system-out><![CDATA[drop user table
crate user table
User с именем — Ivan добавлен в базу данных
User{id=1name=IvanlastName=Ivanovage=5}
]]></system-out>
  </testcase>
  <testcase name="dropUsersTable" classname="UserServiceTest" time="0.03">
    <system-out><![CDATA[drop user table
drop user table
]]></system-out>
  </testcase>
  <testcase name="createUsersTable" classname="UserServiceTest" time="0.057">
    <system-out><![CDATA[drop user table
crate user table
]]></system-out>
  </testcase>
  <testcase name="cleanUsersTable" classname="UserServiceTest" time="0.08">
    <system-out><![CDATA[drop user table
crate user table
User с именем — Ivan добавлен в базу данных
clear user table
]]></system-out>
  </testcase>
</testsuite>