<?xml version="1.0" encoding="UTF-8"?>
<testsuite xmlns:xsi="http://www.w3.org/2001/XMLSchema-instance" xsi:noNamespaceSchemaLocation="https://maven.apache.org/surefire/maven-surefire-plugin/xsd/surefire-test-report-3.0.xsd" version="3.0" name="UserServiceTest" time="0.833" tests="6" errors="0" skipped="0" failures="0">
  <properties>
[...]
</properties>
  <testcase name="saveUser" classname="UserServiceTest" time="0.718">
    <system-out><![CDATA[Hibernate: 
    DROP TABLE IF EXISTS users;
hib create connect
Hibernate: 
    CREATE TABLE IF NOT EXISTS users (         id BIGINT PRIMARY KEY AUTO_INCREMENT,         name VARCHAR(255) NOT NULL,         lastName VARCHAR(255) NOT NULL,         age TINYINT NOT NULL     ); 
Hibernate: 
    insert 
    into
        users
        (age, lastName, name) 
    values
        (?, ?, ?)
User с именем — Ivan добавлен в базу данных
Hibernate: 
    select
        user0_.id as id1_0_,
        user0_.age as age2_0_,
        user0_.lastName as lastname3_0_,
        user0_.name as name4_0_ 
    from
        users user0_
]]></system-out>
    <system-err><![CDATA[июл. 13, 2024 12:11:20 PM org.hibernate.Version logVersion
INFO: HHH000412: Hibernate ORM core version 5.6.3.Final
июл. 13, 2024 12:11:20 PM org.hibernate.annotations.common.reflection.java.JavaReflectionManager <clinit>
INFO: HCANN000001: Hibernate Commons Annotations {5.1.2.Final}
июл. 13, 2024 12:11:20 PM org.hibernate.engine.jdbc.connections.internal.DriverManagerConnectionProviderImpl configure
WARN: HHH10001002: Using Hibernate built-in connection pool (not for production use!)
июл. 13, 2024 12:11:20 PM org.hibernate.engine.jdbc.connections.internal.DriverManagerConnectionProviderImpl buildCreator
INFO: HHH10001005: using driver [com.mysql.cj.jdbc.Driver] at URL [jdbc:mysql://localhost/kata114]
июл. 13, 2024 12:11:20 PM org.hibernate.engine.jdbc.connections.internal.DriverManagerConnectionProviderImpl buildCreator
INFO: HHH10001001: Connection properties: {user=katauser}
июл. 13, 2024 12:11:20 PM org.hibernate.engine.jdbc.connections.internal.DriverManagerConnectionProviderImpl buildCreator
INFO: HHH10001003: Autocommit mode: false
июл. 13, 2024 12:11:20 PM org.hibernate.engine.jdbc.connections.internal.DriverManagerConnectionProviderImpl$PooledConnections <init>
INFO: HHH000115: Hibernate connection pool size: 20 (min=1)
июл. 13, 2024 12:11:20 PM org.hibernate.dialect.Dialect <init>
INFO: HHH000400: Using dialect: org.hibernate.dialect.MySQL8Dialect
июл. 13, 2024 12:11:20 PM org.hibernate.engine.transaction.jta.platform.internal.JtaPlatformInitiator initiateService
INFO: HHH000490: Using JtaPlatform implementation: [org.hibernate.engine.transaction.jta.platform.internal.NoJtaPlatform]
]]></system-err>
  </testcase>
  <testcase name="removeUserById" classname="UserServiceTest" time="0.021">
    <system-out><![CDATA[Hibernate: 
    DROP TABLE IF EXISTS users;
hib create connect
Hibernate: 
    CREATE TABLE IF NOT EXISTS users (         id BIGINT PRIMARY KEY AUTO_INCREMENT,         name VARCHAR(255) NOT NULL,         lastName VARCHAR(255) NOT NULL,         age TINYINT NOT NULL     ); 
Hibernate: 
    insert 
    into
        users
        (age, lastName, name) 
    values
        (?, ?, ?)
User с именем — Ivan добавлен в базу данных
Hibernate: 
    select
        user0_.id as id1_0_0_,
        user0_.age as age2_0_0_,
        user0_.lastName as lastname3_0_0_,
        user0_.name as name4_0_0_ 
    from
        users user0_ 
    where
        user0_.id=?
]]></system-out>
  </testcase>
  <testcase name="getAllUsers" classname="UserServiceTest" time="0.014">
    <system-out><![CDATA[Hibernate: 
    DROP TABLE IF EXISTS users;
hib create connect
Hibernate: 
    CREATE TABLE IF NOT EXISTS users (         id BIGINT PRIMARY KEY AUTO_INCREMENT,         name VARCHAR(255) NOT NULL,         lastName VARCHAR(255) NOT NULL,         age TINYINT NOT NULL     ); 
Hibernate: 
    insert 
    into
        users
        (age, lastName, name) 
    values
        (?, ?, ?)
User с именем — Ivan добавлен в базу данных
Hibernate: 
    select
        user0_.id as id1_0_,
        user0_.age as age2_0_,
        user0_.lastName as lastname3_0_,
        user0_.name as name4_0_ 
    from
        users user0_
]]></system-out>
  </testcase>
  <testcase name="dropUsersTable" classname="UserServiceTest" time="0.007">
    <system-out><![CDATA[Hibernate: 
    DROP TABLE IF EXISTS users;
Hibernate: 
    DROP TABLE IF EXISTS users;
]]></system-out>
  </testcase>
  <testcase name="createUsersTable" classname="UserServiceTest" time="0.008">
    <system-out><![CDATA[Hibernate: 
    DROP TABLE IF EXISTS users;
hib create connect
Hibernate: 
    CREATE TABLE IF NOT EXISTS users (         id BIGINT PRIMARY KEY AUTO_INCREMENT,         name VARCHAR(255) NOT NULL,         lastName VARCHAR(255) NOT NULL,         age TINYINT NOT NULL     ); 
]]></system-out>
  </testcase>
  <testcase name="cleanUsersTable" classname="UserServiceTest" time="0.032">
    <system-out><![CDATA[Hibernate: 
    DROP TABLE IF EXISTS users;
hib create connect
Hibernate: 
    CREATE TABLE IF NOT EXISTS users (         id BIGINT PRIMARY KEY AUTO_INCREMENT,         name VARCHAR(255) NOT NULL,         lastName VARCHAR(255) NOT NULL,         age TINYINT NOT NULL     ); 
Hibernate: 
    insert 
    into
        users
        (age, lastName, name) 
    values
        (?, ?, ?)
User с именем — Ivan добавлен в базу данных
Hibernate: 
    TRUNCATE TABLE users;
Hibernate: 
    select
        user0_.id as id1_0_,
        user0_.age as age2_0_,
        user0_.lastName as lastname3_0_,
        user0_.name as name4_0_ 
    from
        users user0_
]]></system-out>
  </testcase>
</testsuite>